BookFindersVirtualLibrary/Library/Bee/Android/Prj/IL2CPP/Gradle/launcher/build/outputs/logs/manifest-merger-release-report.txt
-- Merging decision tree log ---
manifest
ADDED from src/main/AndroidManifest.xml:2:1-5:12
INJECTED from src/main/AndroidManifest.xml:2:1-5:12
INJECTED from src/main/AndroidManifest.xml:2:1-5:12
INJECTED from src/main/AndroidManifest.xml:2:1-5:12
MERGED from [:unityLibrary] AndroidManifest.xml:2:1-78:12
MERGED from [com.google.firebase:firebase-database:21.0.0] AndroidManifest.xml:15:1-38:12
MERGED from [com.google.firebase:firebase-messaging:24.0.1] AndroidManifest.xml:17:1-66:12
MERGED from [com.google.firebase:firebase-auth:23.0.0] AndroidManifest.xml:17:1-75:12
MERGED from [androidx.credentials:credentials:1.2.0-rc01] AndroidManifest.xml:2:1-7:12
MERGED from [androidx.credentials:credentials-play-services-auth:1.2.0-rc01] AndroidManifest.xml:17:1-44:12
MERGED from [com.google.android.gms:play-services-auth:20.7.0] AndroidManifest.xml:17:1-40:12
MERGED from [com.google.android.gms:play-services-auth-api-phone:18.0.2] AndroidManifest.xml:2:1-7:12
MERGED from [com.google.firebase:firebase-appcheck-interop:17.1.0] AndroidManifest.xml:15:1-23:12
MERGED from [com.google.firebase:firebase-database-collection:18.0.1] AndroidManifest.xml:2:1-9:12
MERGED from [com.google.android.gms:play-services-fido:20.1.0] AndroidManifest.xml:2:1-10:12
MERGED from [com.google.android.gms:play-services-auth-base:18.0.4] AndroidManifest.xml:2:1-7:12
MERGED from [com.google.android.gms:play-services-base:18.5.0] AndroidManifest.xml:2:1-7:12
MERGED from [com.google.firebase:firebase-analytics:22.1.0] AndroidManifest.xml:2:1-9:12
MERGED from [com.google.firebase:firebase-analytics-unity:12.3.0] AndroidManifest.xml:3:1-8:12
MERGED from [com.google.firebase:firebase-app-unity:12.3.0] AndroidManifest.xml:3:1-8:12
MERGED from [com.google.firebase:firebase-auth-unity:12.3.0] AndroidManifest.xml:3:1-8:12
MERGED from [com.google.firebase:firebase-config:22.0.0] AndroidManifest.xml:17:1-38:12
MERGED from [com.google.firebase:firebase-iid:21.1.0] AndroidManifest.xml:17:1-38:12
MERGED from [com.google.android.gms:play-services-measurement-api:22.1.0] AndroidManifest.xml:17:1-43:12
MERGED from [com.google.firebase:firebase-auth-interop:20.0.0] AndroidManifest.xml:2:1-10:12
MERGED from [com.google.firebase:firebase-installations:17.2.0] AndroidManifest.xml:2:1-24:12
MERGED from [com.google.firebase:firebase-common-ktx:21.0.0] AndroidManifest.xml:2:1-18:12
MERGED from [com.google.firebase:firebase-common:21.0.0] AndroidManifest.xml:15:1-41:12
MERGED from [com.google.firebase:firebase-config-unity:12.3.0] AndroidManifest.xml:3:1-8:12
MERGED from [com.google.firebase:firebase-database-unity:12.3.0] AndroidManifest.xml:3:1-8:12
MERGED from [com.google.firebase:firebase-messaging-unity:12.3.0] AndroidManifest.xml:2:1-30:12
MERGED from [:firebase-messaging-cpp:] AndroidManifest.xml:2:1-14:12
MERGED from [:unityLibrary:FirebaseApp.androidlib] AndroidManifest.xml:2:1-11:12
MERGED from [com.google.android.recaptcha:recaptcha:18.4.0] AndroidManifest.xml:2:1-11:12
MERGED from [com.google.android.play:integrity:1.2.0] AndroidManifest.xml:2:1-7:12
MERGED from [com.google.firebase:firebase-iid-interop:17.1.0] AndroidManifest.xml:2:1-10:12
MERGED from [com.google.android.gms:play-services-cloud-messaging:17.2.0] AndroidManifest.xml:2:1-13:12
MERGED from [com.google.android.gms:play-services-measurement:22.1.0] AndroidManifest.xml:17:1-46:12
MERGED from [com.google.android.gms:play-services-measurement-sdk:22.1.0] AndroidManifest.xml:17:1-25:12
MERGED from [com.google.android.gms:play-services-measurement-impl:22.1.0] AndroidManifest.xml:17:1-32:12
MERGED from [androidx.privacysandbox.ads:ads-adservices-java:1.0.0-beta05] AndroidManifest.xml:2:1-7:12
MERGED from [androidx.privacysandbox.ads:ads-adservices:1.0.0-beta05] AndroidManifest.xml:17:1-28:12
MERGED from [com.google.firebase:firebase-installations-interop:17.1.1] AndroidManifest.xml:15:1-19:12
MERGED from [com.google.android.gms:play-services-tasks:18.2.0] AndroidManifest.xml:2:1-5:12
MERGED from [com.google.firebase:firebase-abt:21.1.1] AndroidManifest.xml:2:1-18:12
MERGED from [com.google.firebase:firebase-measurement-connector:19.0.0] AndroidManifest.xml:17:1-25:12
MERGED from [com.google.android.gms:play-services-stats:17.0.2] AndroidManifest.xml:2:1-9:12
MERGED from [com.google.android.gms:play-services-ads-identifier:18.0.0] AndroidManifest.xml:17:1-27:12
MERGED from [com.google.android.gms:play-services-measurement-sdk-api:22.1.0] AndroidManifest.xml:17:1-30:12
MERGED from [com.google.android.gms:play-services-measurement-base:22.1.0] AndroidManifest.xml:2:1-9:12
MERGED from [com.google.android.gms:play-services-basement:18.4.0] AndroidManifest.xml:2:1-9:12
MERGED from [androidx.fragment:fragment:1.1.0] AndroidManifest.xml:17:1-24:12
MERGED from [androidx.browser:browser:1.4.0] AndroidManifest.xml:17:1-24:12
MERGED from [androidx.legacy:legacy-support-core-utils:1.0.0] AndroidManifest.xml:17:1-22:12
MERGED from [androidx.viewpager:viewpager:1.0.0] AndroidManifest.xml:17:1-22:12
MERGED from [androidx.loader:loader:1.0.0] AndroidManifest.xml:17:1-22:12
MERGED from [androidx.activity:activity:1.0.0] AndroidManifest.xml:17:1-24:12
MERGED from [androidx.customview:customview:1.0.0] AndroidManifest.xml:17:1-22:12
MERGED from [androidx.core:core-ktx:1.9.0] AndroidManifest.xml:2:1-7:12
MERGED from [androidx.core:core:1.9.0] AndroidManifest.xml:17:1-30:12
MERGED from [androidx.versionedparcelable:versionedparcelable:1.1.1] AndroidManifest.xml:17:1-27:12
MERGED from [androidx.localbroadcastmanager:localbroadcastmanager:1.0.0] AndroidManifest.xml:17:1-22:12
MERGED from [com.google.firebase:firebase-components:18.0.0] AndroidManifest.xml:15:1-20:12
MERGED from [com.google.android.libraries.identity.googleid:googleid:1.1.0] AndroidManifest.xml:2:1-7:12
MERGED from [com.google.firebase:firebase-config-interop:16.0.1] AndroidManifest.xml:15:1-20:12
MERGED from [com.google.firebase:firebase-datatransport:18.2.0] AndroidManifest.xml:15:1-31:12
MERGED from [com.google.android.datatransport:transport-backend-cct:3.1.9] AndroidManifest.xml:15:1-37:12
MERGED from [com.google.firebase:firebase-encoders-json:18.0.1] AndroidManifest.xml:15:1-22:12
MERGED from [androidx.annotation:annotation-experimental:1.3.0] AndroidManifest.xml:17:1-22:12
MERGED from [com.google.android.datatransport:transport-runtime:3.1.9] AndroidManifest.xml:15:1-41:12
MERGED from [com.google.android.datatransport:transport-api:3.1.0] AndroidManifest.xml:15:1-20:12
MERGED from [androidx.interpolator:interpolator:1.0.0] AndroidManifest.xml:17:1-22:12
MERGED from [androidx.documentfile:documentfile:1.0.0] AndroidManifest.xml:17:1-22:12
MERGED from [androidx.print:print:1.0.0] AndroidManifest.xml:17:1-22:12
MERGED from [androidx.lifecycle:lifecycle-viewmodel:2.1.0] AndroidManifest.xml:17:1-22:12
MERGED from [androidx.savedstate:savedstate:1.0.0] AndroidManifest.xml:17:1-24:12
MERGED from [androidx.lifecycle:lifecycle-runtime:2.3.1] AndroidManifest.xml:17:1-24:12
MERGED from [androidx.lifecycle:lifecycle-livedata:2.0.0] AndroidManifest.xml:17:1-22:12
MERGED from [androidx.lifecycle:lifecycle-livedata-core:2.0.0] AndroidManifest.xml:17:1-22:12
MERGED from [androidx.arch.core:core-runtime:2.1.0] AndroidManifest.xml:17:1-24:12
INJECTED from src/main/AndroidManifest.xml:2:1-5:12
INJECTED from src/main/AndroidManifest.xml:2:1-5:12
INJECTED from src/main/AndroidManifest.xml:2:1-5:12
	package
		ADDED from src/main/AndroidManifest.xml:2:70-124
		INJECTED from src/main/AndroidManifest.xml
		INJECTED from src/main/AndroidManifest.xml
	android:versionName
		INJECTED from src/main/AndroidManifest.xml
		ADDED from src/main/AndroidManifest.xml:2:1-5:12
		INJECTED from src/main/AndroidManifest.xml
	xmlns:tools
		ADDED from src/main/AndroidManifest.xml:2:125-171
	android:versionCode
		INJECTED from src/main/AndroidManifest.xml
		ADDED from src/main/AndroidManifest.xml:2:1-5:12
		INJECTED from src/main/AndroidManifest.xml
	xmlns:android
		ADDED from src/main/AndroidManifest.xml:2:11-69
	android:installLocation
		ADDED from src/main/AndroidManifest.xml:2:172-212
application
ADDED from src/main/AndroidManifest.xml:3:3-83
MERGED from [:unityLibrary] AndroidManifest.xml:28:5-76:19
MERGED from [:unityLibrary] AndroidManifest.xml:28:5-76:19
MERGED from [com.google.firebase:firebase-database:21.0.0] AndroidManifest.xml:25:5-36:19
MERGED from [com.google.firebase:firebase-database:21.0.0] AndroidManifest.xml:25:5-36:19
MERGED from [com.google.firebase:firebase-messaging:24.0.1] AndroidManifest.xml:28:5-64:19
MERGED from [com.google.firebase:firebase-messaging:24.0.1] AndroidManifest.xml:28:5-64:19
MERGED from [com.google.firebase:firebase-auth:23.0.0] AndroidManifest.xml:28:5-73:19
MERGED from [com.google.firebase:firebase-auth:23.0.0] AndroidManifest.xml:28:5-73:19
MERGED from [androidx.credentials:credentials-play-services-auth:1.2.0-rc01] AndroidManifest.xml:23:5-42:19
MERGED from [androidx.credentials:credentials-play-services-auth:1.2.0-rc01] AndroidManifest.xml:23:5-42:19
MERGED from [com.google.android.gms:play-services-auth:20.7.0] AndroidManifest.xml:22:5-38:19
MERGED from [com.google.android.gms:play-services-auth:20.7.0] AndroidManifest.xml:22:5-38:19
MERGED from [com.google.firebase:firebase-appcheck-interop:17.1.0] AndroidManifest.xml:21:5-20
MERGED from [com.google.firebase:firebase-appcheck-interop:17.1.0] AndroidManifest.xml:21:5-20
MERGED from [com.google.android.gms:play-services-fido:20.1.0] AndroidManifest.xml:7:5-8:19
MERGED from [com.google.android.gms:play-services-fido:20.1.0] AndroidManifest.xml:7:5-8:19
MERGED from [com.google.android.gms:play-services-base:18.5.0] AndroidManifest.xml:4:5-6:19
MERGED from [com.google.android.gms:play-services-base:18.5.0] AndroidManifest.xml:4:5-6:19
MERGED from [com.google.firebase:firebase-analytics:22.1.0] AndroidManifest.xml:7:5-20
MERGED from [com.google.firebase:firebase-analytics:22.1.0] AndroidManifest.xml:7:5-20
MERGED from [com.google.firebase:firebase-config:22.0.0] AndroidManifest.xml:25:5-36:19
MERGED from [com.google.firebase:firebase-config:22.0.0] AndroidManifest.xml:25:5-36:19
MERGED from [com.google.firebase:firebase-iid:21.1.0] AndroidManifest.xml:28:5-36:19
MERGED from [com.google.firebase:firebase-iid:21.1.0] AndroidManifest.xml:28:5-36:19
MERGED from [com.google.android.gms:play-services-measurement-api:22.1.0] AndroidManifest.xml:29:5-41:19
MERGED from [com.google.android.gms:play-services-measurement-api:22.1.0] AndroidManifest.xml:29:5-41:19
MERGED from [com.google.firebase:firebase-auth-interop:20.0.0] AndroidManifest.xml:7:5-8:19
MERGED from [com.google.firebase:firebase-auth-interop:20.0.0] AndroidManifest.xml:7:5-8:19
MERGED from [com.google.firebase:firebase-installations:17.2.0] AndroidManifest.xml:11:5-22:19
MERGED from [com.google.firebase:firebase-installations:17.2.0] AndroidManifest.xml:11:5-22:19
MERGED from [com.google.firebase:firebase-common-ktx:21.0.0] AndroidManifest.xml:8:5-16:19
MERGED from [com.google.firebase:firebase-common-ktx:21.0.0] AndroidManifest.xml:8:5-16:19
MERGED from [com.google.firebase:firebase-common:21.0.0] AndroidManifest.xml:22:5-39:19
MERGED from [com.google.firebase:firebase-common:21.0.0] AndroidManifest.xml:22:5-39:19
MERGED from [com.google.firebase:firebase-messaging-unity:12.3.0] AndroidManifest.xml:17:3-28:17
MERGED from [com.google.firebase:firebase-messaging-unity:12.3.0] AndroidManifest.xml:17:3-28:17
MERGED from [:firebase-messaging-cpp:] AndroidManifest.xml:7:5-12:19
MERGED from [:firebase-messaging-cpp:] AndroidManifest.xml:7:5-12:19
MERGED from [com.google.android.play:integrity:1.2.0] AndroidManifest.xml:5:5-6:19
MERGED from [com.google.android.play:integrity:1.2.0] AndroidManifest.xml:5:5-6:19
MERGED from [com.google.firebase:firebase-iid-interop:17.1.0] AndroidManifest.xml:7:5-8:19
MERGED from [com.google.firebase:firebase-iid-interop:17.1.0] AndroidManifest.xml:7:5-8:19
MERGED from [com.google.android.gms:play-services-measurement:22.1.0] AndroidManifest.xml:28:5-44:19
MERGED from [com.google.android.gms:play-services-measurement:22.1.0] AndroidManifest.xml:28:5-44:19
MERGED from [com.google.android.gms:play-services-measurement-sdk:22.1.0] AndroidManifest.xml:22:5-23:19
MERGED from [com.google.android.gms:play-services-measurement-sdk:22.1.0] AndroidManifest.xml:22:5-23:19
MERGED from [com.google.android.gms:play-services-measurement-impl:22.1.0] AndroidManifest.xml:29:5-30:19
MERGED from [com.google.android.gms:play-services-measurement-impl:22.1.0] AndroidManifest.xml:29:5-30:19
MERGED from [androidx.privacysandbox.ads:ads-adservices:1.0.0-beta05] AndroidManifest.xml:22:5-26:19
MERGED from [androidx.privacysandbox.ads:ads-adservices:1.0.0-beta05] AndroidManifest.xml:22:5-26:19
MERGED from [com.google.android.gms:play-services-tasks:18.2.0] AndroidManifest.xml:4:5-20
MERGED from [com.google.android.gms:play-services-tasks:18.2.0] AndroidManifest.xml:4:5-20
MERGED from [com.google.firebase:firebase-abt:21.1.1] AndroidManifest.xml:10:5-16:19
MERGED from [com.google.firebase:firebase-abt:21.1.1] AndroidManifest.xml:10:5-16:19
MERGED from [com.google.firebase:firebase-measurement-connector:19.0.0] AndroidManifest.xml:22:5-23:19
MERGED from [com.google.firebase:firebase-measurement-connector:19.0.0] AndroidManifest.xml:22:5-23:19
MERGED from [com.google.android.gms:play-services-stats:17.0.2] AndroidManifest.xml:7:5-20
MERGED from [com.google.android.gms:play-services-stats:17.0.2] AndroidManifest.xml:7:5-20
MERGED from [com.google.android.gms:play-services-ads-identifier:18.0.0] AndroidManifest.xml:25:5-20
MERGED from [com.google.android.gms:play-services-ads-identifier:18.0.0] AndroidManifest.xml:25:5-20
MERGED from [com.google.android.gms:play-services-measurement-base:22.1.0] AndroidManifest.xml:7:5-20
MERGED from [com.google.android.gms:play-services-measurement-base:22.1.0] AndroidManifest.xml:7:5-20
MERGED from [com.google.android.gms:play-services-basement:18.4.0] AndroidManifest.xml:5:5-7:19
MERGED from [com.google.android.gms:play-services-basement:18.4.0] AndroidManifest.xml:5:5-7:19
MERGED from [androidx.core:core:1.9.0] AndroidManifest.xml:28:5-89
MERGED from [androidx.core:core:1.9.0] AndroidManifest.xml:28:5-89
MERGED from [androidx.versionedparcelable:versionedparcelable:1.1.1] AndroidManifest.xml:24:5-25:19
MERGED from [androidx.versionedparcelable:versionedparcelable:1.1.1] AndroidManifest.xml:24:5-25:19
MERGED from [com.google.firebase:firebase-datatransport:18.2.0] AndroidManifest.xml:21:5-29:19
MERGED from [com.google.firebase:firebase-datatransport:18.2.0] AndroidManifest.xml:21:5-29:19
MERGED from [com.google.android.datatransport:transport-backend-cct:3.1.9] AndroidManifest.xml:27:5-35:19
MERGED from [com.google.android.datatransport:transport-backend-cct:3.1.9] AndroidManifest.xml:27:5-35:19
MERGED from [com.google.android.datatransport:transport-runtime:3.1.9] AndroidManifest.xml:25:5-39:19
MERGED from [com.google.android.datatransport:transport-runtime:3.1.9] AndroidManifest.xml:25:5-39:19
	android:extractNativeLibs
		ADDED from [:unityLibrary] AndroidManifest.xml:28:18-50
	android:appComponentFactory
		ADDED from [androidx.core:core:1.9.0] AndroidManifest.xml:28:18-86
	android:label
		ADDED from src/main/AndroidManifest.xml:3:16-48
	android:icon
		ADDED from src/main/AndroidManifest.xml:3:49-80
supports-screens
ADDED from src/main/AndroidManifest.xml:4:3-163
	android:largeScreens
		ADDED from src/main/AndroidManifest.xml:4:78-105
	android:smallScreens
		ADDED from src/main/AndroidManifest.xml:4:21-48
	android:normalScreens
		ADDED from src/main/AndroidManifest.xml:4:49-77
	android:xlargeScreens
		ADDED from src/main/AndroidManifest.xml:4:106-134
	android:anyDensity
		ADDED from src/main/AndroidManifest.xml:4:135-160
uses-sdk
INJECTED from src/main/AndroidManifest.xml reason: use-sdk injection requested
INJECTED from src/main/AndroidManifest.xml
INJECTED from src/main/AndroidManifest.xml
MERGED from [:unityLibrary] AndroidManifest.xml:6:5-8:41
MERGED from [:unityLibrary] AndroidManifest.xml:6:5-8:41
MERGED from [com.google.firebase:firebase-database:21.0.0] AndroidManifest.xml:18:5-44
MERGED from [com.google.firebase:firebase-database:21.0.0] AndroidManifest.xml:18:5-44
MERGED from [com.google.firebase:firebase-messaging:24.0.1] AndroidManifest.xml:20:5-44
MERGED from [com.google.firebase:firebase-messaging:24.0.1] AndroidManifest.xml:20:5-44
MERGED from [com.google.firebase:firebase-auth:23.0.0] AndroidManifest.xml:21:5-23:151
MERGED from [com.google.firebase:firebase-auth:23.0.0] AndroidManifest.xml:21:5-23:151
MERGED from [androidx.credentials:credentials:1.2.0-rc01] AndroidManifest.xml:5:5-44
MERGED from [androidx.credentials:credentials:1.2.0-rc01] AndroidManifest.xml:5:5-44
MERGED from [androidx.credentials:credentials-play-services-auth:1.2.0-rc01] AndroidManifest.xml:21:5-44
MERGED from [androidx.credentials:credentials-play-services-auth:1.2.0-rc01] AndroidManifest.xml:21:5-44
MERGED from [com.google.android.gms:play-services-auth:20.7.0] AndroidManifest.xml:20:5-44
MERGED from [com.google.android.gms:play-services-auth:20.7.0] AndroidManifest.xml:20:5-44
MERGED from [com.google.android.gms:play-services-auth-api-phone:18.0.2] AndroidManifest.xml:5:5-44
MERGED from [com.google.android.gms:play-services-auth-api-phone:18.0.2] AndroidManifest.xml:5:5-44
MERGED from [com.google.firebase:firebase-appcheck-interop:17.1.0] AndroidManifest.xml:18:5-44
MERGED from [com.google.firebase:firebase-appcheck-interop:17.1.0] AndroidManifest.xml:18:5-44
MERGED from [com.google.firebase:firebase-database-collection:18.0.1] AndroidManifest.xml:5:5-7:41
MERGED from [com.google.firebase:firebase-database-collection:18.0.1] AndroidManifest.xml:5:5-7:41
MERGED from [com.google.android.gms:play-services-fido:20.1.0] AndroidManifest.xml:5:5-44
MERGED from [com.google.android.gms:play-services-fido:20.1.0] AndroidManifest.xml:5:5-44
MERGED from [com.google.android.gms:play-services-auth-base:18.0.4] AndroidManifest.xml:5:5-44
MERGED from [com.google.android.gms:play-services-auth-base:18.0.4] AndroidManifest.xml:5:5-44
MERGED from [com.google.android.gms:play-services-base:18.5.0] AndroidManifest.xml:3:5-44
MERGED from [com.google.android.gms:play-services-base:18.5.0] AndroidManifest.xml:3:5-44
MERGED from [com.google.firebase:firebase-analytics:22.1.0] AndroidManifest.xml:5:5-44
MERGED from [com.google.firebase:firebase-analytics:22.1.0] AndroidManifest.xml:5:5-44
MERGED from [com.google.firebase:firebase-analytics-unity:12.3.0] AndroidManifest.xml:7:3-41
MERGED from [com.google.firebase:firebase-analytics-unity:12.3.0] AndroidManifest.xml:7:3-41
MERGED from [com.google.firebase:firebase-app-unity:12.3.0] AndroidManifest.xml:7:3-41
MERGED from [com.google.firebase:firebase-app-unity:12.3.0] AndroidManifest.xml:7:3-41
MERGED from [com.google.firebase:firebase-auth-unity:12.3.0] AndroidManifest.xml:7:3-41
MERGED from [com.google.firebase:firebase-auth-unity:12.3.0] AndroidManifest.xml:7:3-41
MERGED from [com.google.firebase:firebase-config:22.0.0] AndroidManifest.xml:20:5-44
MERGED from [com.google.firebase:firebase-config:22.0.0] AndroidManifest.xml:20:5-44
MERGED from [com.google.firebase:firebase-iid:21.1.0] AndroidManifest.xml:20:5-44
MERGED from [com.google.firebase:firebase-iid:21.1.0] AndroidManifest.xml:20:5-44
MERGED from [com.google.android.gms:play-services-measurement-api:22.1.0] AndroidManifest.xml:20:5-44
MERGED from [com.google.android.gms:play-services-measurement-api:22.1.0] AndroidManifest.xml:20:5-44
MERGED from [com.google.firebase:firebase-auth-interop:20.0.0] AndroidManifest.xml:5:5-44
MERGED from [com.google.firebase:firebase-auth-interop:20.0.0] AndroidManifest.xml:5:5-44
MERGED from [com.google.firebase:firebase-installations:17.2.0] AndroidManifest.xml:5:5-44
MERGED from [com.google.firebase:firebase-installations:17.2.0] AndroidManifest.xml:5:5-44
MERGED from [com.google.firebase:firebase-common-ktx:21.0.0] AndroidManifest.xml:5:5-44
MERGED from [com.google.firebase:firebase-common-ktx:21.0.0] AndroidManifest.xml:5:5-44
MERGED from [com.google.firebase:firebase-common:21.0.0] AndroidManifest.xml:19:5-44
MERGED from [com.google.firebase:firebase-common:21.0.0] AndroidManifest.xml:19:5-44
MERGED from [com.google.firebase:firebase-config-unity:12.3.0] AndroidManifest.xml:7:3-41
MERGED from [com.google.firebase:firebase-config-unity:12.3.0] AndroidManifest.xml:7:3-41
MERGED from [com.google.firebase:firebase-database-unity:12.3.0] AndroidManifest.xml:7:3-41
MERGED from [com.google.firebase:firebase-database-unity:12.3.0] AndroidManifest.xml:7:3-41
MERGED from [com.google.firebase:firebase-messaging-unity:12.3.0] AndroidManifest.xml:7:3-72
MERGED from [com.google.firebase:firebase-messaging-unity:12.3.0] AndroidManifest.xml:7:3-72
MERGED from [:firebase-messaging-cpp:] AndroidManifest.xml:5:5-44
MERGED from [:firebase-messaging-cpp:] AndroidManifest.xml:5:5-44
MERGED from [:unityLibrary:FirebaseApp.androidlib] AndroidManifest.xml:7:5-9:40
MERGED from [:unityLibrary:FirebaseApp.androidlib] AndroidManifest.xml:7:5-9:40
MERGED from [com.google.android.recaptcha:recaptcha:18.4.0] AndroidManifest.xml:5:5-44
MERGED from [com.google.android.recaptcha:recaptcha:18.4.0] AndroidManifest.xml:5:5-44
MERGED from [com.google.android.play:integrity:1.2.0] AndroidManifest.xml:4:5-44
MERGED from [com.google.android.play:integrity:1.2.0] AndroidManifest.xml:4:5-44
MERGED from [com.google.firebase:firebase-iid-interop:17.1.0] AndroidManifest.xml:5:5-44
MERGED from [com.google.firebase:firebase-iid-interop:17.1.0] AndroidManifest.xml:5:5-44
MERGED from [com.google.android.gms:play-services-cloud-messaging:17.2.0] AndroidManifest.xml:5:5-44
MERGED from [com.google.android.gms:play-services-cloud-messaging:17.2.0] AndroidManifest.xml:5:5-44
MERGED from [com.google.android.gms:play-services-measurement:22.1.0] AndroidManifest.xml:20:5-44
MERGED from [com.google.android.gms:play-services-measurement:22.1.0] AndroidManifest.xml:20:5-44
MERGED from [com.google.android.gms:play-services-measurement-sdk:22.1.0] AndroidManifest.xml:20:5-44
MERGED from [com.google.android.gms:play-services-measurement-sdk:22.1.0] AndroidManifest.xml:20:5-44
MERGED from [com.google.android.gms:play-services-measurement-impl:22.1.0] AndroidManifest.xml:20:5-44
MERGED from [com.google.android.gms:play-services-measurement-impl:22.1.0] AndroidManifest.xml:20:5-44
MERGED from [androidx.privacysandbox.ads:ads-adservices-java:1.0.0-beta05] AndroidManifest.xml:5:5-44
MERGED from [androidx.privacysandbox.ads:ads-adservices-java:1.0.0-beta05] AndroidManifest.xml:5:5-44
MERGED from [androidx.privacysandbox.ads:ads-adservices:1.0.0-beta05] AndroidManifest.xml:20:5-44
MERGED from [androidx.privacysandbox.ads:ads-adservices:1.0.0-beta05] AndroidManifest.xml:20:5-44
MERGED from [com.google.firebase:firebase-installations-interop:17.1.1] AndroidManifest.xml:17:5-44
MERGED from [com.google.firebase:firebase-installations-interop:17.1.1] AndroidManifest.xml:17:5-44
MERGED from [com.google.android.gms:play-services-tasks:18.2.0] AndroidManifest.xml:3:5-44
MERGED from [com.google.android.gms:play-services-tasks:18.2.0] AndroidManifest.xml:3:5-44
MERGED from [com.google.firebase:firebase-abt:21.1.1] AndroidManifest.xml:5:5-7:41
MERGED from [com.google.firebase:firebase-abt:21.1.1] AndroidManifest.xml:5:5-7:41
MERGED from [com.google.firebase:firebase-measurement-connector:19.0.0] AndroidManifest.xml:20:5-44
MERGED from [com.google.firebase:firebase-measurement-connector:19.0.0] AndroidManifest.xml:20:5-44
MERGED from [com.google.android.gms:play-services-stats:17.0.2] AndroidManifest.xml:5:5-44
MERGED from [com.google.android.gms:play-services-stats:17.0.2] AndroidManifest.xml:5:5-44
MERGED from [com.google.android.gms:play-services-ads-identifier:18.0.0] AndroidManifest.xml:20:5-44
MERGED from [com.google.android.gms:play-services-ads-identifier:18.0.0] AndroidManifest.xml:20:5-44
MERGED from [com.google.android.gms:play-services-measurement-sdk-api:22.1.0] AndroidManifest.xml:20:5-44
MERGED from [com.google.android.gms:play-services-measurement-sdk-api:22.1.0] AndroidManifest.xml:20:5-44
MERGED from [com.google.android.gms:play-services-measurement-base:22.1.0] AndroidManifest.xml:5:5-44
MERGED from [com.google.android.gms:play-services-measurement-base:22.1.0] AndroidManifest.xml:5:5-44
MERGED from [com.google.android.gms:play-services-basement:18.4.0] AndroidManifest.xml:3:5-44
MERGED from [com.google.android.gms:play-services-basement:18.4.0] AndroidManifest.xml:3:5-44
MERGED from [androidx.fragment:fragment:1.1.0] AndroidManifest.xml:20:5-22:41
MERGED from [androidx.fragment:fragment:1.1.0] AndroidManifest.xml:20:5-22:41
MERGED from [androidx.browser:browser:1.4.0] AndroidManifest.xml:20:5-22:41
MERGED from [androidx.browser:browser:1.4.0] AndroidManifest.xml:20:5-22:41
MERGED from [androidx.legacy:legacy-support-core-utils:1.0.0] AndroidManifest.xml:20:5-44
MERGED from [androidx.legacy:legacy-support-core-utils:1.0.0] AndroidManifest.xml:20:5-44
MERGED from [androidx.viewpager:viewpager:1.0.0] AndroidManifest.xml:20:5-44
MERGED from [androidx.viewpager:viewpager:1.0.0] AndroidManifest.xml:20:5-44
MERGED from [androidx.loader:loader:1.0.0] AndroidManifest.xml:20:5-44
MERGED from [androidx.loader:loader:1.0.0] AndroidManifest.xml:20:5-44
MERGED from [androidx.activity:activity:1.0.0] AndroidManifest.xml:20:5-22:41
MERGED from [androidx.activity:activity:1.0.0] AndroidManifest.xml:20:5-22:41
MERGED from [androidx.customview:customview:1.0.0] AndroidManifest.xml:20:5-44
MERGED from [androidx.customview:customview:1.0.0] AndroidManifest.xml:20:5-44
MERGED from [androidx.core:core-ktx:1.9.0] AndroidManifest.xml:5:5-44
MERGED from [androidx.core:core-ktx:1.9.0] AndroidManifest.xml:5:5-44
MERGED from [androidx.core:core:1.9.0] AndroidManifest.xml:20:5-44
MERGED from [androidx.core:core:1.9.0] AndroidManifest.xml:20:5-44
MERGED from [androidx.versionedparcelable:versionedparcelable:1.1.1] AndroidManifest.xml:20:5-22:41
MERGED from [androidx.versionedparcelable:versionedparcelable:1.1.1] AndroidManifest.xml:20:5-22:41
MERGED from [androidx.localbroadcastmanager:localbroadcastmanager:1.0.0] AndroidManifest.xml:20:5-44
MERGED from [androidx.localbroadcastmanager:localbroadcastmanager:1.0.0] AndroidManifest.xml:20:5-44
MERGED from [com.google.firebase:firebase-components:18.0.0] AndroidManifest.xml:18:5-44
MERGED from [com.google.firebase:firebase-components:18.0.0] AndroidManifest.xml:18:5-44
MERGED from [com.google.android.libraries.identity.googleid:googleid:1.1.0] AndroidManifest.xml:5:5-44
MERGED from [com.google.android.libraries.identity.googleid:googleid:1.1.0] AndroidManifest.xml:5:5-44
MERGED from [com.google.firebase:firebase-config-interop:16.0.1] AndroidManifest.xml:18:5-44
MERGED from [com.google.firebase:firebase-config-interop:16.0.1] AndroidManifest.xml:18:5-44
MERGED from [com.google.firebase:firebase-datatransport:18.2.0] AndroidManifest.xml:18:5-44
MERGED from [com.google.firebase:firebase-datatransport:18.2.0] AndroidManifest.xml:18:5-44
MERGED from [com.google.android.datatransport:transport-backend-cct:3.1.9] AndroidManifest.xml:18:5-20:41
MERGED from [com.google.android.datatransport:transport-backend-cct:3.1.9] AndroidManifest.xml:18:5-20:41
MERGED from [com.google.firebase:firebase-encoders-json:18.0.1] AndroidManifest.xml:18:5-20:41
MERGED from [com.google.firebase:firebase-encoders-json:18.0.1] AndroidManifest.xml:18:5-20:41
MERGED from [androidx.annotation:annotation-experimental:1.3.0] AndroidManifest.xml:20:5-44
MERGED from [androidx.annotation:annotation-experimental:1.3.0] AndroidManifest.xml:20:5-44
MERGED from [com.google.android.datatransport:transport-runtime:3.1.9] AndroidManifest.xml:18:5-20:41
MERGED from [com.google.android.datatransport:transport-runtime:3.1.9] AndroidManifest.xml:18:5-20:41
MERGED from [com.google.android.datatransport:transport-api:3.1.0] AndroidManifest.xml:18:5-44
MERGED from [com.google.android.datatransport:transport-api:3.1.0] AndroidManifest.xml:18:5-44
MERGED from [androidx.interpolator:interpolator:1.0.0] AndroidManifest.xml:20:5-44
MERGED from [androidx.interpolator:interpolator:1.0.0] AndroidManifest.xml:20:5-44
MERGED from [androidx.documentfile:documentfile:1.0.0] AndroidManifest.xml:20:5-44
MERGED from [androidx.documentfile:documentfile:1.0.0] AndroidManifest.xml:20:5-44
MERGED from [androidx.print:print:1.0.0] AndroidManifest.xml:20:5-44
MERGED from [androidx.print:print:1.0.0] AndroidManifest.xml:20:5-44
MERGED from [androidx.lifecycle:lifecycle-viewmodel:2.1.0] AndroidManifest.xml:20:5-44
MERGED from [androidx.lifecycle:lifecycle-viewmodel:2.1.0] AndroidManifest.xml:20:5-44
MERGED from [androidx.savedstate:savedstate:1.0.0] AndroidManifest.xml:20:5-22:41
MERGED from [androidx.savedstate:savedstate:1.0.0] AndroidManifest.xml:20:5-22:41
MERGED from [androidx.lifecycle:lifecycle-runtime:2.3.1] AndroidManifest.xml:20:5-22:41
MERGED from [androidx.lifecycle:lifecycle-runtime:2.3.1] AndroidManifest.xml:20:5-22:41
MERGED from [androidx.lifecycle:lifecycle-livedata:2.0.0] AndroidManifest.xml:20:5-44
MERGED from [androidx.lifecycle:lifecycle-livedata:2.0.0] AndroidManifest.xml:20:5-44
MERGED from [androidx.lifecycle:lifecycle-livedata-core:2.0.0] AndroidManifest.xml:20:5-44
MERGED from [androidx.lifecycle:lifecycle-livedata-core:2.0.0] AndroidManifest.xml:20:5-44
MERGED from [androidx.arch.core:core-runtime:2.1.0] AndroidManifest.xml:20:5-22:41
MERGED from [androidx.arch.core:core-runtime:2.1.0] AndroidManifest.xml:20:5-22:41
INJECTED from src/main/AndroidManifest.xml
INJECTED from src/main/AndroidManifest.xml
	tools:overrideLibrary
		ADDED from [com.google.firebase:firebase-auth:23.0.0] AndroidManifest.xml:23:9-148
	android:targetSdkVersion
		INJECTED from src/main/AndroidManifest.xml
		ADDED from src/main/AndroidManifest.xml
		INJECTED from src/main/AndroidManifest.xml
	android:minSdkVersion
		INJECTED from src/main/AndroidManifest.xml
		ADDED from src/main/AndroidManifest.xml